# JRE version: 7.0_09-b05
# Java VM: Java HotSpot(TM) 64-Bit Server VM (23.5-b02 mixed mode linux-amd64 compressed oops)
Heap
 PSYoungGen      total 299776K, used 247746K [0x00000000eaab0000, 0x00000000ffb60000, 0x0000000100000000)
  eden space 255936K, 96% used [0x00000000eaab0000,0x00000000f9ca08f0,0x00000000fa4a0000)
  from space 43840K, 0% used [0x00000000fd090000,0x00000000fd090000,0x00000000ffb60000)
  to   space 44416K, 0% used [0x00000000fa4a0000,0x00000000fa4a0000,0x00000000fd000000)
 ParOldGen       total 349568K, used 70907K [0x00000000c0000000, 0x00000000d5560000, 0x00000000eaab0000)
  object space 349568K, 20% used [0x00000000c0000000,0x00000000c453eda8,0x00000000d5560000)
 PSPermGen       total 262144K, used 96601K [0x00000000b0000000, 0x00000000c0000000, 0x00000000c0000000)
  object space 262144K, 36% used [0x00000000b0000000,0x00000000b5e566a8,0x00000000c0000000)
GC Heap History (10 events):
Event: 50.647 GC heap before
{Heap before GC invocations=18 (full 1):
 PSYoungGen      total 293376K, used 247216K [0x00000000eaab0000, 0x00000000ffba0000, 0x0000000100000000)
  eden space 241024K, 100% used [0x00000000eaab0000,0x00000000f9610000,0x00000000f9610000)
  from space 52352K, 11% used [0x00000000fc880000,0x00000000fce8c1b0,0x00000000ffba0000)
  to   space 51648K, 0% used [0x00000000f9610000,0x00000000f9610000,0x00000000fc880000)
 ParOldGen       total 349568K, used 88867K [0x00000000c0000000, 0x00000000d5560000, 0x00000000eaab0000)
  object space 349568K, 25% used [0x00000000c0000000,0x00000000c56c8fc8,0x00000000d5560000)
 PSPermGen       total 262144K, used 93508K [0x00000000b0000000, 0x00000000c0000000, 0x00000000c0000000)
  object space 262144K, 35% used [0x00000000b0000000,0x00000000b5b512a0,0x00000000c0000000)
Event: 50.657 GC heap after
Heap after GC invocations=18 (full 1):
 PSYoungGen      total 292672K, used 6136K [0x00000000eaab0000, 0x00000000ffcf0000, 0x0000000100000000)
  eden space 241024K, 0% used [0x00000000eaab0000,0x00000000eaab0000,0x00000000f9610000)
  from space 51648K, 11% used [0x00000000f9610000,0x00000000f9c0e070,0x00000000fc880000)
  to   space 50432K, 0% used [0x00000000fcbb0000,0x00000000fcbb0000,0x00000000ffcf0000)
 ParOldGen       total 349568K, used 93328K [0x00000000c0000000, 0x00000000d5560000, 0x00000000eaab0000)
  object space 349568K, 26% used [0x00000000c0000000,0x00000000c5b24188,0x00000000d5560000)
 PSPermGen       total 262144K, used 93508K [0x00000000b0000000, 0x00000000c0000000, 0x00000000c0000000)
  object space 262144K, 35% used [0x00000000b0000000,0x00000000b5b512a0,0x00000000c0000000)
}
Event: 51.353 GC heap before
{Heap before GC invocations=19 (full 1):
 PSYoungGen      total 292672K, used 247160K [0x00000000eaab0000, 0x00000000ffcf0000, 0x0000000100000000)
  eden space 241024K, 100% used [0x00000000eaab0000,0x00000000f9610000,0x00000000f9610000)
  from space 51648K, 11% used [0x00000000f9610000,0x00000000f9c0e070,0x00000000fc880000)
  to   space 50432K, 0% used [0x00000000fcbb0000,0x00000000fcbb0000,0x00000000ffcf0000)
 ParOldGen       total 349568K, used 93328K [0x00000000c0000000, 0x00000000d5560000, 0x00000000eaab0000)
  object space 349568K, 26% used [0x00000000c0000000,0x00000000c5b24188,0x00000000d5560000)
 PSPermGen       total 262144K, used 93519K [0x00000000b0000000, 0x00000000c0000000, 0x00000000c0000000)
  object space 262144K, 35% used [0x00000000b0000000,0x00000000b5b53f60,0x00000000c0000000)
Event: 51.372 GC heap after
Heap after GC invocations=19 (full 1):
 PSYoungGen      total 293632K, used 17868K [0x00000000eaab0000, 0x00000000ff8d0000, 0x0000000100000000)
  eden space 247424K, 0% used [0x00000000eaab0000,0x00000000eaab0000,0x00000000f9c50000)
  from space 46208K, 38% used [0x00000000fcbb0000,0x00000000fdd23018,0x00000000ff8d0000)
  to   space 47360K, 0% used [0x00000000f9c50000,0x00000000f9c50000,0x00000000fca90000)
 ParOldGen       total 349568K, used 98468K [0x00000000c0000000, 0x00000000d5560000, 0x00000000eaab0000)
  object space 349568K, 28% used [0x00000000c0000000,0x00000000c60290e8,0x00000000d5560000)
 PSPermGen       total 262144K, used 93519K [0x00000000b0000000, 0x00000000c0000000, 0x00000000c0000000)
  object space 262144K, 35% used [0x00000000b0000000,0x00000000b5b53f60,0x00000000c0000000)
}
Event: 51.837 GC heap before
{Heap before GC invocations=20 (full 1):
 PSYoungGen      total 293632K, used 265292K [0x00000000eaab0000, 0x00000000ff8d0000, 0x0000000100000000)
  eden space 247424K, 100% used [0x00000000eaab0000,0x00000000f9c50000,0x00000000f9c50000)
  from space 46208K, 38% used [0x00000000fcbb0000,0x00000000fdd23018,0x00000000ff8d0000)
  to   space 47360K, 0% used [0x00000000f9c50000,0x00000000f9c50000,0x00000000fca90000)
 ParOldGen       total 349568K, used 98468K [0x00000000c0000000, 0x00000000d5560000, 0x00000000eaab0000)
  object space 349568K, 28% used [0x00000000c0000000,0x00000000c60290e8,0x00000000d5560000)
 PSPermGen       total 262144K, used 93520K [0x00000000b0000000, 0x00000000c0000000, 0x00000000c0000000)
  object space 262144K, 35% used [0x00000000b0000000,0x00000000b5b54398,0x00000000c0000000)
Event: 51.862 GC heap after
Heap after GC invocations=20 (full 1):
 PSYoungGen      total 294784K, used 18904K [0x00000000eaab0000, 0x00000000ffc80000, 0x0000000100000000)
  eden space 247424K, 0% used [0x00000000eaab0000,0x00000000eaab0000,0x00000000f9c50000)
  from space 47360K, 39% used [0x00000000f9c50000,0x00000000faec6018,0x00000000fca90000)
  to   space 44992K, 0% used [0x00000000fd090000,0x00000000fd090000,0x00000000ffc80000)
 ParOldGen       total 349568K, used 114681K [0x00000000c0000000, 0x00000000d5560000, 0x00000000eaab0000)
  object space 349568K, 32% used [0x00000000c0000000,0x00000000c6ffe6f8,0x00000000d5560000)
 PSPermGen       total 262144K, used 93520K [0x00000000b0000000, 0x00000000c0000000, 0x00000000c0000000)
  object space 262144K, 35% used [0x00000000b0000000,0x00000000b5b54398,0x00000000c0000000)
}
Event: 52.374 GC heap before
{Heap before GC invocations=21 (full 1):
 PSYoungGen      total 294784K, used 120044K [0x00000000eaab0000, 0x00000000ffc80000, 0x0000000100000000)
  eden space 247424K, 40% used [0x00000000eaab0000,0x00000000f0d75298,0x00000000f9c50000)
  from space 47360K, 39% used [0x00000000f9c50000,0x00000000faec6018,0x00000000fca90000)
  to   space 44992K, 0% used [0x00000000fd090000,0x00000000fd090000,0x00000000ffc80000)
 ParOldGen       total 349568K, used 114681K [0x00000000c0000000, 0x00000000d5560000, 0x00000000eaab0000)
  object space 349568K, 32% used [0x00000000c0000000,0x00000000c6ffe6f8,0x00000000d5560000)
 PSPermGen       total 262144K, used 93520K [0x00000000b0000000, 0x00000000c0000000, 0x00000000c0000000)
  object space 262144K, 35% used [0x00000000b0000000,0x00000000b5b54398,0x00000000c0000000)
Event: 52.392 GC heap after
Heap after GC invocations=21 (full 1):
 PSYoungGen      total 299776K, used 4432K [0x00000000eaab0000, 0x00000000ffb60000, 0x0000000100000000)
  eden space 255936K, 0% used [0x00000000eaab0000,0x00000000eaab0000,0x00000000fa4a0000)
  from space 43840K, 10% used [0x00000000fd090000,0x00000000fd4e4010,0x00000000ffb60000)
  to   space 44416K, 0% used [0x00000000fa4a0000,0x00000000fa4a0000,0x00000000fd000000)
 ParOldGen       total 349568K, used 132498K [0x00000000c0000000, 0x00000000d5560000, 0x00000000eaab0000)
  object space 349568K, 37% used [0x00000000c0000000,0x00000000c8164b08,0x00000000d5560000)
 PSPermGen       total 262144K, used 93520K [0x00000000b0000000, 0x00000000c0000000, 0x00000000c0000000)
  object space 262144K, 35% used [0x00000000b0000000,0x00000000b5b54398,0x00000000c0000000)
}
Event: 52.392 GC heap before
{Heap before GC invocations=22 (full 2):
 PSYoungGen      total 299776K, used 4432K [0x00000000eaab0000, 0x00000000ffb60000, 0x0000000100000000)
  eden space 255936K, 0% used [0x00000000eaab0000,0x00000000eaab0000,0x00000000fa4a0000)
  from space 43840K, 10% used [0x00000000fd090000,0x00000000fd4e4010,0x00000000ffb60000)
  to   space 44416K, 0% used [0x00000000fa4a0000,0x00000000fa4a0000,0x00000000fd000000)
 ParOldGen       total 349568K, used 132498K [0x00000000c0000000, 0x00000000d5560000, 0x00000000eaab0000)
  object space 349568K, 37% used [0x00000000c0000000,0x00000000c8164b08,0x00000000d5560000)
 PSPermGen       total 262144K, used 93520K [0x00000000b0000000, 0x00000000c0000000, 0x00000000c0000000)
  object space 262144K, 35% used [0x00000000b0000000,0x00000000b5b54398,0x00000000c0000000)
Event: 52.590 GC heap after
Heap after GC invocations=22 (full 2):
 PSYoungGen      total 299776K, used 0K [0x00000000eaab0000, 0x00000000ffb60000, 0x0000000100000000)
  eden space 255936K, 0% used [0x00000000eaab0000,0x00000000eaab0000,0x00000000fa4a0000)
  from space 43840K, 0% used [0x00000000fd090000,0x00000000fd090000,0x00000000ffb60000)
  to   space 44416K, 0% used [0x00000000fa4a0000,0x00000000fa4a0000,0x00000000fd000000)
 ParOldGen       total 349568K, used 70907K [0x00000000c0000000, 0x00000000d5560000, 0x00000000eaab0000)
  object space 349568K, 20% used [0x00000000c0000000,0x00000000c453eda8,0x00000000d5560000)
 PSPermGen       total 262144K, used 93514K [0x00000000b0000000, 0x00000000c0000000, 0x00000000c0000000)
  object space 262144K, 35% used [0x00000000b0000000,0x00000000b5b52bb0,0x00000000c0000000)
}

